Python C interface shared library loaded
@ENV gpu=NVIDIA_GeForce_RTX_5090 num_tb=170 num_threads=128 iters_interf=3000000 runs_interf=40
@RESULT exp=mm size=256 case=mm_alone ms=0.013952
@CONFIG size=256 phase=fma_alone
@CONFIG size=256 phase=colocated
@RESULT exp=mm size=256 case=mm_coloc ms=0.020096
@RESULT exp=mm size=256 case=slowdown ratio=1.440
@RESULT exp=mm size=512 case=mm_alone ms=0.013856
@CONFIG size=512 phase=fma_alone
[FP32] Run 0: Latency: 5.934112 ms
[FP32] Run 1: Latency: 5.890816 ms
[FP32] Run 2: Latency: 5.878432 ms
[FP32] Run 3: Latency: 5.884672 ms
[FP32] Run 4: Latency: 5.882048 ms
[FP32] Run 5: Latency: 5.883520 ms
[FP32] Run 6: Latency: 5.886240 ms
[FP32] Run 7: Latency: 5.886496 ms
[FP32] Run 8: Latency: 5.884224 ms
[FP32] Run 9: Latency: 5.884448 ms
[FP32] Run 10: Latency: 5.885248 ms
[FP32] Run 11: Latency: 5.878368 ms
[FP32] Run 12: Latency: 5.882176 ms
[FP32] Run 13: Latency: 5.890432 ms
[FP32] Run 14: Latency: 5.884224 ms
[FP32] Run 15: Latency: 5.889664 ms
[FP32] Run 16: Latency: 5.882176 ms
[FP32] Run 17: Latency: 5.888608 ms
[FP32] Run 18: Latency: 5.884224 ms
[FP32] Run 19: Latency: 5.880448 ms
[FP32] Run 20: Latency: 5.883520 ms
[FP32] Run 21: Latency: 5.884544 ms
[FP32] Run 22: Latency: 5.882496 ms
[FP32] Run 23: Latency: 5.894784 ms
[FP32] Run 24: Latency: 5.886592 ms
[FP32] Run 25: Latency: 5.885568 ms
[FP32] Run 26: Latency: 5.882496 ms
[FP32] Run 27: Latency: 5.882496 ms
[FP32] Run 28: Latency: 5.888640 ms
[FP32] Run 29: Latency: 5.884544 ms
[FP32] Run 30: Latency: 5.893760 ms
[FP32] Run 31: Latency: 5.884544 ms
[FP32] Run 32: Latency: 5.888640 ms
[FP32] Run 33: Latency: 5.880448 ms
[FP32] Run 34: Latency: 5.888640 ms
[FP32] Run 35: Latency: 5.887616 ms
[FP32] Run 36: Latency: 5.888640 ms
[FP32] Run 37: Latency: 5.882496 ms
[FP32] Run 38: Latency: 5.886592 ms
[FP32] Run 39: Latency: 5.888640 ms
FP32 Kernel execution completed!
[FP32] Run 0: Latency: 6.046208 ms
[FP32] Run 1: Latency: 5.889120 ms
[FP32] Run 2: Latency: 5.884704 ms
[FP32] Run 3: Latency: 5.884416 ms
[FP32] Run 4: Latency: 5.892864 ms
[FP32] Run 5: Latency: 5.618816 ms
[FP32] Run 6: Latency: 5.575296 ms
[FP32] Run 7: Latency: 5.574688 ms
[FP32] Run 8: Latency: 5.574368 ms
[FP32] Run 9: Latency: 5.575200 ms
[FP32] Run 10: Latency: 5.575040 ms
[FP32] Run 11: Latency: 5.573824 ms
[FP32] Run 12: Latency: 5.573344 ms
[FP32] Run 13: Latency: 5.572832 ms
[FP32] Run 14: Latency: 5.574368 ms
[FP32] Run 15: Latency: 5.574912 ms
[FP32] Run 16: Latency: 5.575296 ms
[FP32] Run 17: Latency: 5.573856 ms
[FP32] Run 18: Latency: 5.573152 ms
[FP32] Run 19: Latency: 5.573888 ms
[FP32] Run 20: Latency: 5.573280 ms
[FP32] Run 21: Latency: 5.764160 ms
[FP32] Run 22: Latency: 5.574048 ms
[FP32] Run 23: Latency: 5.579168 ms
[FP32] Run 24: Latency: 5.571072 ms
[FP32] Run 25: Latency: 5.569696 ms
[FP32] Run 26: Latency: 5.571296 ms
[FP32] Run 27: Latency: 5.571008 ms
[FP32] Run 28: Latency: 5.572096 ms
[FP32] Run 29: Latency: 5.570816 ms
[FP32] Run 30: Latency: 5.571200 ms
[FP32] Run 31: Latency: 5.569792 ms
[FP32] Run 32: Latency: 5.569152 ms
[FP32] Run 33: Latency: 5.571200 ms
[FP32] Run 34: Latency: 5.570176 ms
[FP32] Run 35: Latency: 5.571200 ms
[FP32] Run 36: Latency: 5.571200 ms
[FP32] Run 37: Latency: 5.570176 ms
[FP32] Run 38: Latency: 5.571200 ms
[FP32] Run 39: Latency: 5.571200 ms
FP32 Kernel execution completed!
[FP32] Run 0: Latency: 5.410656 ms
[FP32] Run 1: Latency: 5.408192 ms
[FP32] Run 2: Latency: 5.408416 ms
[FP32] Run 3: Latency: 5.407360 ms
[FP32] Run 4: Latency: 5.408032 ms
[FP32] Run 5: Latency: 5.407392 ms
[FP32] Run 6: Latency: 5.406912 ms
[FP32] Run 7: Latency: 5.408192 ms
[FP32] Run 8: Latency: 5.407488 ms
[FP32] Run 9: Latency: 5.407936 ms
[FP32] Run 10: Latency: 5.407040 ms
[FP32] Run 11: Latency: 5.406368 ms
[FP32] Run 12: Latency: 5.407424 ms
[FP32] Run 13: Latency: 5.406944 ms
[FP32] Run 14: Latency: 5.408064 ms
[FP32] Run 15: Latency: 5.407520 ms
[FP32] Run 16: Latency: 5.407872 ms
[FP32] Run 17: Latency: 5.407584 ms
[FP32] Run 18: Latency: 5.407872 ms
[FP32] Run 19: Latency: 5.407360 ms
[FP32] Run 20: Latency: 5.405344 ms
[FP32] Run 21: Latency: 5.406336 ms
[FP32] Run 22: Latency: 5.405312 ms
[FP32] Run 23: Latency: 5.406336 ms
[FP32] Run 24: Latency: 5.407360 ms
[FP32] Run 25: Latency: 5.407360 ms
[FP32] Run 26: Latency: 5.406336 ms
[FP32] Run 27: Latency: 5.405312 ms
[FP32] Run 28: Latency: 5.406336 ms
[FP32] Run 29: Latency: 5.407360 ms
[FP32] Run 30: Latency: 5.406336 ms
[FP32] Run 31: Latency: 5.407360 ms
[FP32] Run 32: Latency: 5.40@CONFIG size=512 phase=colocated
@RESULT exp=mm size=512 case=mm_coloc ms=0.077216
@RESULT exp=mm size=512 case=slowdown ratio=5.573
@RESULT exp=mm size=1024 case=mm_alone ms=0.050720
@CONFIG size=1024 phase=fma_alone
@CONFIG size=1024 phase=colocated
7360 ms
[FP32] Run 33: Latency: 5.404288 ms
[FP32] Run 34: Latency: 5.405312 ms
[FP32] Run 35: Latency: 5.406336 ms
[FP32] Run 36: Latency: 5.395072 ms
[FP32] Run 37: Latency: 5.363328 ms
[FP32] Run 38: Latency: 5.362304 ms
[FP32] Run 39: Latency: 5.362304 ms
FP32 Kernel execution completed!
[FP32] Run 0: Latency: 5.376384 ms
[FP32] Run 1: Latency: 9.423168 ms
[FP32] Run 2: Latency: 5.422976 ms
[FP32] Run 3: Latency: 5.411456 ms
[FP32] Run 4: Latency: 5.367296 ms
[FP32] Run 5: Latency: 5.363872 ms
[FP32] Run 6: Latency: 5.363328 ms
[FP32] Run 7: Latency: 5.363936 ms
[FP32] Run 8: Latency: 5.364032 ms
[FP32] Run 9: Latency: 5.363008 ms
[FP32] Run 10: Latency: 5.364032 ms
[FP32] Run 11: Latency: 5.362976 ms
[FP32] Run 12: Latency: 5.364032 ms
[FP32] Run 13: Latency: 5.363008 ms
[FP32] Run 14: Latency: 5.363776 ms
[FP32] Run 15: Latency: 5.362976 ms
[FP32] Run 16: Latency: 5.364032 ms
[FP32] Run 17: Latency: 5.361952 ms
[FP32] Run 18: Latency: 5.362976 ms
[FP32] Run 19: Latency: 5.364032 ms
[FP32] Run 20: Latency: 5.362464 ms
[FP32] Run 21: Latency: 5.364096 ms
[FP32] Run 22: Latency: 5.362912 ms
[FP32] Run 23: Latency: 5.362112 ms
[FP32] Run 24: Latency: 5.362880 ms
[FP32] Run 25: Latency: 5.363744 ms
[FP32] Run 26: Latency: 5.361984 ms
[FP32] Run 27: Latency: 5.363008 ms
[FP32] Run 28: Latency: 5.364032 ms
[FP32] Run 29: Latency: 5.362976 ms
[FP32] Run 30: Latency: 5.361984 ms
[FP32] Run 31: Latency: 5.363104 ms
[FP32] Run 32: Latency: 5.362304 ms
[FP32] Run 33: Latency: 5.363328 ms
[FP32] Run 34: Latency: 5.362304 ms
[FP32] Run 35: Latency: 5.362304 ms
[FP32] Run 36: Latency: 5.363328 ms
[FP32] Run 37: Latency: 5.399168 ms
[FP32] Run 38: Latency: 5.418624 ms
[FP32] Run 39: Latency: 5.419648 ms
FP32 Kernel execution completed!
[FP32] Run 0: Latency: 5.423392 ms
[FP32] Run 1: Latency: 5.421024 ms
[FP32] Run 2: Latency: 5.420736 ms
[FP32] Run 3: Latency: 5.421632 ms
[FP32] Run 4: Latency: 5.420320 ms
[FP32] Run 5: Latency: 5.419808 ms
[FP32] Run 6: Latency: 5.421216 ms
[FP32] Run 7: Latency: 5.420544 ms
[FP32] Run 8: Latency: 5.419328 ms
[FP32] Run 9: Latency: 5.420512 ms
[FP32] Run 10: Latency: 5.419328 ms
[FP32] Run 11: Latency: 5.419616 ms
[FP32] Run 12: Latency: 5.420352 ms
[FP32] Run 13: Latency: 5.419872 ms
[FP32] Run 14: Latency: 5.420096 ms
[FP32] Run 15: Latency: 5.419648 ms
[FP32] Run 16: Latency: 5.420320 ms
[FP32] Run 17: Latency: 5.421376 ms
[FP32] Run 18: Latency: 5.419328 ms
[FP32] Run 19: Latency: 5.420672 ms
[FP32] Run 20: Latency: 5.419648 ms
[FP32] Run 21: Latency: 5.420672 ms
[FP32] Run 22: Latency: 5.366400 ms
[FP32] Run 23: Latency: 5.363328 ms
[FP32] Run 24: Latency: 5.362304 ms
[FP32] Run 25: Latency: 5.362304 ms
[FP32] Run 26: Latency: 5.363328 ms
[FP32] Run 27: Latency: 5.362304 ms
[FP32] Run 28: Latency: 5.363328 ms
[FP32] Run 29: Latency: 5.362304 ms
[FP32] Run 30: Latency: 5.363328 ms
[FP32] Run 31: Latency: 5.362304 ms
[FP32] Run 32: Latency: 5.363328 ms
[FP32] Run 33: Latency: 5.362304 ms
[FP32] Run 34: Latency: 5.362304 ms
[FP32] Run 35: Latency: 5.363328 ms
[FP32] Run 36: Latency: 5.362304 ms
[FP32] Run 37: Latency: 5.363328 ms
[FP32] Run 38: Latency: 5.364352 ms
[FP32] Run 39: Latency: 5.363328 ms
FP32 Kernel execution completed!
[FP32] Run 0: Latency: 5.373280 ms
[FP32] Run 1: Latency: 14.080288 ms
[FP32] Run 2: Latency: 13.958784 ms
[FP32] Run 3: Latency: 5.365088 ms
[FP32] Run 4: Latency: 5.368096 ms
[FP32] Run 5: Latency: 5.363328 ms
[FP32] Run 6: Latency: 5.364352 ms
[FP32] Run 7: Latency: 5.363232 ms
[FP32] Run 8: Latency: 5.364160 ms
[FP32] Run 9: Latency: 5.362976 ms
[FP32] Run 10: Latency: 5.362304 ms
[FP32] Run 11: Latency: 5.362880 ms
[FP32] Run 12: Latency: 5.362400 ms
[FP32] Run 13: Latency: 5.363936 ms
[FP32] Run 14: Latency: 5.363424 ms
[FP32] Run 15: Latency: 5.361920 ms
[FP32] Run 16: Latency: 5.363328 ms
[FP32] Run 17: Latency: 5.364032 ms
[FP32] Run 18: Latency: 5.363360 ms
[FP32] Run 19: Latency: 5.363968 ms
[FP32] Run 20: Latency: 5.364576 ms
[FP32] Run 21: Latency: 5.363968 ms
[FP32] Run 22: Latency: 5.363968 ms
[FP32] Run 23: Latency: 5.362912 ms
[FP32] Run 24: Latenc@RESULT exp=mm size=1024 case=mm_coloc ms=0.215680
@RESULT exp=mm size=1024 case=slowdown ratio=4.252
@RESULT exp=mm size=2048 case=mm_alone ms=0.247424
@CONFIG size=2048 phase=fma_alone
@CONFIG size=2048 phase=colocated
@RESULT exp=mm size=2048 case=mm_coloc ms=0.284288
@RESULT exp=mm size=2048 case=slowdown ratio=1.149
@RESULT exp=mm size=4096 case=mm_alone ms=2.073248
@CONFIG size=4096 phase=fma_alone
y: 5.364352 ms
[FP32] Run 25: Latency: 5.362912 ms
[FP32] Run 26: Latency: 5.364640 ms
[FP32] Run 27: Latency: 5.362560 ms
[FP32] Run 28: Latency: 5.364448 ms
[FP32] Run 29: Latency: 5.363008 ms
[FP32] Run 30: Latency: 5.364224 ms
[FP32] Run 31: Latency: 5.361920 ms
[FP32] Run 32: Latency: 5.363328 ms
[FP32] Run 33: Latency: 5.362304 ms
[FP32] Run 34: Latency: 5.363328 ms
[FP32] Run 35: Latency: 5.362304 ms
[FP32] Run 36: Latency: 5.363328 ms
[FP32] Run 37: Latency: 5.362304 ms
[FP32] Run 38: Latency: 5.363328 ms
[FP32] Run 39: Latency: 5.362304 ms
FP32 Kernel execution completed!
[FP32] Run 0: Latency: 5.520256 ms
[FP32] Run 1: Latency: 5.523136 ms
[FP32] Run 2: Latency: 5.508448 ms
[FP32] Run 3: Latency: 5.468800 ms
[FP32] Run 4: Latency: 5.429600 ms
[FP32] Run 5: Latency: 5.420640 ms
[FP32] Run 6: Latency: 5.421376 ms
[FP32] Run 7: Latency: 5.420576 ms
[FP32] Run 8: Latency: 5.421792 ms
[FP32] Run 9: Latency: 5.421248 ms
[FP32] Run 10: Latency: 5.420352 ms
[FP32] Run 11: Latency: 5.419648 ms
[FP32] Run 12: Latency: 5.420480 ms
[FP32] Run 13: Latency: 5.421248 ms
[FP32] Run 14: Latency: 5.420352 ms
[FP32] Run 15: Latency: 5.401216 ms
[FP32] Run 16: Latency: 5.364448 ms
[FP32] Run 17: Latency: 5.362912 ms
[FP32] Run 18: Latency: 5.361984 ms
[FP32] Run 19: Latency: 5.363328 ms
[FP32] Run 20: Latency: 5.362304 ms
[FP32] Run 21: Latency: 5.363328 ms
[FP32] Run 22: Latency: 5.362304 ms
[FP32] Run 23: Latency: 5.363328 ms
[FP32] Run 24: Latency: 5.362304 ms
[FP32] Run 25: Latency: 5.362304 ms
[FP32] Run 26: Latency: 5.363328 ms
[FP32] Run 27: Latency: 5.362304 ms
[FP32] Run 28: Latency: 5.363328 ms
[FP32] Run 29: Latency: 5.362304 ms
[FP32] Run 30: Latency: 5.363328 ms
[FP32] Run 31: Latency: 5.362304 ms
[FP32] Run 32: Latency: 5.363328 ms
[FP32] Run 33: Latency: 5.362304 ms
[FP32] Run 34: Latency: 5.362304 ms
[FP32] Run 35: Latency: 5.363328 ms
[FP32] Run 36: Latency: 5.362304 ms
[FP32] Run 37: Latency: 5.363328 ms
[FP32] Run 38: Latency: 5.362304 ms
[FP32] Run 39: Latency: 5.363328 ms
FP32 Kernel execution completed!
[FP32] Run 0: Latency: 5.372192 ms
[FP32] Run 1: Latency: 34.954910 ms
[FP32] Run 2: Latency: 5.439264 ms
[FP32] Run 3: Latency: 5.433984 ms
[FP32] Run 4: Latency: 5.422336 ms
[FP32] Run 5: Latency: 5.421696 ms
[FP32] Run 6: Latency: 5.421696 ms
[FP32] Run 7: Latency: 5.420224 ms
[FP32] Run 8: Latency: 5.421792 ms
[FP32] Run 9: Latency: 5.420288 ms
[FP32] Run 10: Latency: 5.421376 ms
[FP32] Run 11: Latency: 5.421344 ms
[FP32] Run 12: Latency: 5.420352 ms
[FP32] Run 13: Latency: 5.421312 ms
[FP32] Run 14: Latency: 5.420352 ms
[FP32] Run 15: Latency: 5.421536 ms
[FP32] Run 16: Latency: 5.420160 ms
[FP32] Run 17: Latency: 5.421312 ms
[FP32] Run 18: Latency: 5.421376 ms
[FP32] Run 19: Latency: 5.420160 ms
[FP32] Run 20: Latency: 5.421376 ms
[FP32] Run 21: Latency: 5.420064 ms
[FP32] Run 22: Latency: 5.421120 ms
[FP32] Run 23: Latency: 5.421376 ms
[FP32] Run 24: Latency: 5.420352 ms
[FP32] Run 25: Latency: 5.421344 ms
[FP32] Run 26: Latency: 5.420352 ms
[FP32] Run 27: Latency: 5.421312 ms
[FP32] Run 28: Latency: 5.421152 ms
[FP32] Run 29: Latency: 5.389632 ms
[FP32] Run 30: Latency: 5.364032 ms
[FP32] Run 31: Latency: 5.363104 ms
[FP32] Run 32: Latency: 5.362304 ms
[FP32] Run 33: Latency: 5.363328 ms
[FP32] Run 34: Latency: 5.362304 ms
[FP32] Run 35: Latency: 5.363328 ms
[FP32] Run 36: Latency: 5.362304 ms
[FP32] Run 37: Latency: 5.362304 ms
[FP32] Run 38: Latency: 5.363328 ms
[FP32] Run 39: Latency: 5.362304 ms
FP32 Kernel execution completed!
[FP32] Run 0: Latency: 6.485312 ms
[FP32] Run 1: Latency: 6.559296 ms
[FP32] Run 2: Latency: 6.572640 ms
[FP32] Run 3: Latency: 6.111808 ms
[FP32] Run 4: Latency: 5.970240 ms
[FP32] Run 5: Latency: 5.969664 ms
[FP32] Run 6: Latency: 5.969888 ms
[FP32] Run 7: Latency: 5.968416 ms
[FP32] Run 8: Latency: 5.968800 ms
[FP32] Run 9: Latency: 5.969952 ms
[FP32] Run 10: Latency: 5.970240 ms
[FP32] Run 11: Latency: 5.968512 ms
[FP32] Run 12: Latency: 5.969024 ms
[FP32] Run 13: Latency: 5.970112 ms
[FP32] Run 14: Latency: 5.968192 ms
[FP32] Run 15: Latency: 5.968224 ms
[FP32] Run 16: @CONFIG size=4096 phase=colocated
@RESULT exp=mm size=4096 case=mm_coloc ms=2.331872
@RESULT exp=mm size=4096 case=slowdown ratio=1.125
Done!
Latency: 5.970656 ms
[FP32] Run 17: Latency: 5.970208 ms
[FP32] Run 18: Latency: 5.969120 ms
[FP32] Run 19: Latency: 5.970560 ms
[FP32] Run 20: Latency: 5.970560 ms
[FP32] Run 21: Latency: 5.966464 ms
[FP32] Run 22: Latency: 5.968512 ms
[FP32] Run 23: Latency: 5.968512 ms
[FP32] Run 24: Latency: 5.970560 ms
[FP32] Run 25: Latency: 5.967488 ms
[FP32] Run 26: Latency: 5.968512 ms
[FP32] Run 27: Latency: 5.970560 ms
[FP32] Run 28: Latency: 5.968512 ms
[FP32] Run 29: Latency: 5.970560 ms
[FP32] Run 30: Latency: 5.968512 ms
[FP32] Run 31: Latency: 5.967488 ms
[FP32] Run 32: Latency: 5.968512 ms
[FP32] Run 33: Latency: 5.968512 ms
[FP32] Run 34: Latency: 5.671552 ms
[FP32] Run 35: Latency: 5.673600 ms
[FP32] Run 36: Latency: 5.672576 ms
[FP32] Run 37: Latency: 5.669504 ms
[FP32] Run 38: Latency: 5.671552 ms
[FP32] Run 39: Latency: 5.674624 ms
FP32 Kernel execution completed!
[FP32] Run 0: Latency: 5.680608 ms
[FP32] Run 1: Latency: 24.441952 ms
[FP32] Run 2: Latency: 45.351391 ms
[FP32] Run 3: Latency: 26.247808 ms
[FP32] Run 4: Latency: 45.595585 ms
[FP32] Run 5: Latency: 11.328064 ms
[FP32] Run 6: Latency: 44.044930 ms
[FP32] Run 7: Latency: 27.484385 ms
[FP32] Run 8: Latency: 15.869024 ms
[FP32] Run 9: Latency: 6.663328 ms
[FP32] Run 10: Latency: 6.664896 ms
[FP32] Run 11: Latency: 6.096960 ms
[FP32] Run 12: Latency: 5.726528 ms
[FP32] Run 13: Latency: 5.729376 ms
[FP32] Run 14: Latency: 5.728576 ms
[FP32] Run 15: Latency: 5.730656 ms
[FP32] Run 16: Latency: 5.728512 ms
[FP32] Run 17: Latency: 5.727520 ms
[FP32] Run 18: Latency: 5.728608 ms
[FP32] Run 19: Latency: 5.728832 ms
[FP32] Run 20: Latency: 5.726528 ms
[FP32] Run 21: Latency: 5.727648 ms
[FP32] Run 22: Latency: 5.728448 ms
[FP32] Run 23: Latency: 5.726528 ms
[FP32] Run 24: Latency: 5.726528 ms
[FP32] Run 25: Latency: 5.727520 ms
[FP32] Run 26: Latency: 5.726528 ms
[FP32] Run 27: Latency: 5.726720 ms
[FP32] Run 28: Latency: 5.727328 ms
[FP32] Run 29: Latency: 5.581184 ms
[FP32] Run 30: Latency: 5.433600 ms
[FP32] Run 31: Latency: 5.434784 ms
[FP32] Run 32: Latency: 5.433984 ms
[FP32] Run 33: Latency: 5.432960 ms
[FP32] Run 34: Latency: 5.433984 ms
[FP32] Run 35: Latency: 5.433984 ms
[FP32] Run 36: Latency: 5.435008 ms
[FP32] Run 37: Latency: 5.433984 ms
[FP32] Run 38: Latency: 5.435008 ms
[FP32] Run 39: Latency: 5.436032 ms
FP32 Kernel execution completed!
