@CONFIG exp=l1 size_kb=4 mode=alone
------------------------------------
Running copy kernel alone - Launch Config: (170, 64) - copying 4 KB per thread block
Alone time is 6.62368 ms
Alone time is 6.59062 ms
Alone time is 6.58394 ms
Alone time is 6.59734 ms
Alone time is 6.58998 ms
Alone time is 6.59197 ms
Alone time is 6.58774 ms
Alone time is 6.58858 ms
Alone time is 6.58755 ms
Alone time is 6.58989 ms
Avg alone time is 6.58994 ms
@CONFIG exp=l1 size_kb=4 mode=colocated
------------------------------------
Running two copy kernels colocated - Launch Config: (170, 64) - copying 4 KB per thread block
Colocated time is 7.67824 ms
Colocated time is 7.66746 ms
Colocated time is 7.67123 ms
Colocated time is 7.69235 ms
Colocated time is 7.66352 ms
Colocated time is 7.67779 ms
Colocated time is 7.66099 ms
Colocated time is 7.65331 ms
Colocated time is 7.66403 ms
Colocated time is 7.66749 ms
Avg colocated time is 7.66747 ms
@CONFIG exp=l1 size_kb=8 mode=alone
------------------------------------
Running copy kernel alone - Launch Config: (170, 64) - copying 8 KB per thread block
Alone time is 12.7513 ms
Alone time is 12.7349 ms
Alone time is 12.7224 ms
Alone time is 12.7226 ms
Alone time is 12.7203 ms
Alone time is 12.7203 ms
Alone time is 12.7244 ms
Alone time is 12.7206 ms
Alone time is 12.7177 ms
Alone time is 12.718 ms
Avg alone time is 12.7215 ms
@CONFIG exp=l1 size_kb=8 mode=colocated
------------------------------------
Running two copy kernels colocated - Launch Config: (170, 64) - copying 8 KB per thread block
Colocated time is 12.8002 ms
Colocated time is 12.7293 ms
Colocated time is 12.8066 ms
Colocated time is 12.7644 ms
Colocated time is 12.8104 ms
Colocated time is 12.7971 ms
Colocated time is 12.764 ms
Colocated time is 12.7475 ms
Colocated time is 12.7738 ms
Colocated time is 12.7534 ms
Avg colocated time is 12.7691 ms
@CONFIG exp=l1 size_kb=12 mode=alone
------------------------------------
Running copy kernel alone - Launch Config: (170, 64) - copying 12 KB per thread block
Alone time is 18.8783 ms
Alone time is 18.8702 ms
Alone time is 18.8661 ms
Alone time is 18.8725 ms
Alone time is 18.8459 ms
Alone time is 18.8609 ms
Alone time is 18.8477 ms
Alone time is 18.8619 ms
Alone time is 18.8529 ms
Alone time is 18.8622 ms
Avg alone time is 18.862 ms
@CONFIG exp=l1 size_kb=12 mode=colocated
------------------------------------
Running two copy kernels colocated - Launch Config: (170, 64) - copying 12 KB per thread block
Colocated time is 20.8699 ms
Colocated time is 20.7168 ms
Colocated time is 20.7811 ms
Colocated time is 20.7705 ms
Colocated time is 20.7355 ms
Colocated time is 20.7747 ms
Colocated time is 20.7888 ms
Colocated time is 20.8998 ms
Colocated time is 21.2752 ms
Colocated time is 21.8607 ms
Avg colocated time is 20.7849 ms
@CONFIG exp=l1 size_kb=16 mode=alone
------------------------------------
Running copy kernel alone - Launch Config: (170, 64) - copying 16 KB per thread block
Alone time is 24.2893 ms
Alone time is 25.0008 ms
Alone time is 24.9974 ms
Alone time is 25.0096 ms
Alone time is 25.0111 ms
Alone time is 25.0009 ms
Alone time is 25.0092 ms
Alone time is 24.9929 ms
Alone time is 24.5601 ms
Alone time is 23.6822 ms
Avg alone time is 24.9991 ms
@CONFIG exp=l1 size_kb=16 mode=colocated
------------------------------------
Running two copy kernels colocated - Launch Config: (170, 64) - copying 16 KB per thread block
Colocated time is 25.0827 ms
Colocated time is 25.0529 ms
Colocated time is 25.0245 ms
Colocated time is 24.9442 ms
Colocated time is 25.0753 ms
Colocated time is 24.9626 ms
Colocated time is 24.9507 ms
Colocated time is 26.9336 ms
Colocated time is 28.053 ms
Colocated time is 28.0815 ms
Avg colocated time is 25.0641 ms
@CONFIG exp=l1 size_kb=20 mode=alone
------------------------------------
Running copy kernel alone - Launch Config: (170, 64) - copying 20 KB per thread block
Alone time is 31.139 ms
Alone time is 31.1299 ms
Alone time is 31.1172 ms
Alone time is 31.1422 ms
Alone time is 31.132 ms
Alone time is 31.1544 ms
Alone time is 31.1413 ms
Alone time is 31.0294 ms
Alone time is 31.0185 ms
Alone time is 31.0202 ms
Avg alone time is 31.1309 ms
@CONFIG exp=l1 size_kb=20 mode=colocated
------------------------------------
Running two copy kernels colocated - Launch Config: (170, 64) - copying 20 KB per thread block
Colocated time is 34.0952 ms
Colocated time is 33.9665 ms
Colocated time is 32.5813 ms
Colocated time is 32.3421 ms
Colocated time is 32.2878 ms
Colocated time is 32.2802 ms
Colocated time is 31.9068 ms
Colocated time is 32.1863 ms
Colocated time is 34.3082 ms
Colocated time is 35.8216 ms
Avg colocated time is 32.4617 ms
@CONFIG exp=l1 size_kb=24 mode=alone
------------------------------------
Running copy kernel alone - Launch Config: (170, 64) - copying 24 KB per thread block
Alone time is 37.2974 ms
Alone time is 37.26 ms
Alone time is 37.2545 ms
Alone time is 37.1344 ms
Alone time is 37.1508 ms
Alone time is 37.3708 ms
Alone time is 37.3355 ms
Alone time is 37.3385 ms
Alone time is 37.3378 ms
Alone time is 37.3387 ms
Avg alone time is 37.3164 ms
@CONFIG exp=l1 size_kb=24 mode=colocated
------------------------------------
Running two copy kernels colocated - Launch Config: (170, 64) - copying 24 KB per thread block
Colocated time is 67.4853 ms
Colocated time is 67.4879 ms
Colocated time is 66.4916 ms
Colocated time is 64.3399 ms
Colocated time is 64.2625 ms
Colocated time is 63.8204 ms
Colocated time is 61.9798 ms
Colocated time is 61.9864 ms
Colocated time is 61.9556 ms
Colocated time is 61.974 ms
Avg colocated time is 64.0415 ms
@CONFIG exp=l1 size_kb=28 mode=alone
------------------------------------
Running copy kernel alone - Launch Config: (170, 64) - copying 28 KB per thread block
Alone time is 43.4962 ms
Alone time is 43.5069 ms
Alone time is 43.5124 ms
Alone time is 43.4903 ms
Alone time is 43.4832 ms
Alone time is 43.4671 ms
Alone time is 43.4842 ms
Alone time is 43.4823 ms
Alone time is 43.135 ms
Alone time is 41.2219 ms
Avg alone time is 43.4837 ms
@CONFIG exp=l1 size_kb=28 mode=colocated
------------------------------------
Running two copy kernels colocated - Launch Config: (170, 64) - copying 28 KB per thread block
Colocated time is 85.8217 ms
Colocated time is 82.253 ms
Colocated time is 82.2061 ms
Colocated time is 80.3103 ms
Colocated time is 77.4322 ms
Colocated time is 77.5827 ms
Colocated time is 78.2678 ms
Colocated time is 77.534 ms
Colocated time is 77.3201 ms
Colocated time is 77.3428 ms
Avg colocated time is 77.9252 ms
@CONFIG exp=l1 size_kb=32 mode=alone
------------------------------------
Running copy kernel alone - Launch Config: (170, 64) - copying 32 KB per thread block
Alone time is 49.6619 ms
Alone time is 49.6482 ms
Alone time is 49.6161 ms
Alone time is 49.6257 ms
Alone time is 49.8156 ms
Alone time is 49.6118 ms
Alone time is 49.6118 ms
Alone time is 47.86 ms
Alone time is 47.0486 ms
Alone time is 47.0469 ms
Avg alone time is 49.614 ms
@CONFIG exp=l1 size_kb=32 mode=colocated
------------------------------------
Running two copy kernels colocated - Launch Config: (170, 64) - copying 32 KB per thread block
Colocated time is 289.112 ms
Colocated time is 136.362 ms
Colocated time is 198.672 ms
Colocated time is 168.848 ms
Colocated time is 192.247 ms
Colocated time is 184.087 ms
Colocated time is 146.959 ms
Colocated time is 136.873 ms
Colocated time is 138.735 ms
Colocated time is 153.727 ms
Avg colocated time is 161.287 ms
@CONFIG exp=l1 size_kb=40 mode=alone
------------------------------------
Running copy kernel alone - Launch Config: (170, 64) - copying 40 KB per thread block
Alone time is 59.1265 ms
Alone time is 61.5955 ms
Alone time is 61.5804 ms
Alone time is 60.6259 ms
Alone time is 58.4077 ms
Alone time is 58.411 ms
Alone time is 58.408 ms
Alone time is 56.5686 ms
Alone time is 56.2862 ms
Alone time is 56.2816 ms
Avg alone time is 58.4095 ms
@CONFIG exp=l1 size_kb=40 mode=colocated
------------------------------------
Running two copy kernels colocated - Launch Config: (170, 64) - copying 40 KB per thread block
Colocated time is 344.509 ms
Colocated time is 306.168 ms
Colocated time is 337.283 ms
Colocated time is 321.526 ms
Colocated time is 333.386 ms
Colocated time is 337.443 ms
Colocated time is 323.006 ms
Colocated time is 337.251 ms
Colocated time is 341.935 ms
Colocated time is 331.637 ms
Avg colocated time is 335.319 ms
@CONFIG exp=l1 size_kb=48 mode=alone
------------------------------------
Running copy kernel alone - Launch Config: (170, 64) - copying 48 KB per thread block
Alone time is 153.619 ms
Alone time is 133.974 ms
Alone time is 126.297 ms
Alone time is 123.769 ms
Alone time is 121.597 ms
Alone time is 121.639 ms
Alone time is 121.61 ms
Alone time is 121.625 ms
Alone time is 121.617 ms
Alone time is 121.64 ms
Avg alone time is 121.64 ms
@CONFIG exp=l1 size_kb=48 mode=colocated
------------------------------------
Running two copy kernels colocated - Launch Config: (170, 64) - copying 48 KB per thread block
Colocated time is 423.605 ms
Colocated time is 423.186 ms
Colocated time is 423.166 ms
Colocated time is 423.223 ms
Colocated time is 423.534 ms
Colocated time is 423.515 ms
Colocated time is 423.562 ms
Colocated time is 423.612 ms
Colocated time is 423.538 ms
Colocated time is 423.513 ms
Avg colocated time is 423.524 ms
@CONFIG exp=l1 size_kb=56 mode=alone
------------------------------------
Running copy kernel alone - Launch Config: (170, 64) - copying 56 KB per thread block
Alone time is 177.346 ms
Alone time is 159.855 ms
Alone time is 154.805 ms
Alone time is 151.521 ms
Alone time is 151.497 ms
Alone time is 151.544 ms
Alone time is 151.959 ms
Alone time is 165.317 ms
Alone time is 151.526 ms
Alone time is 151.518 ms
Avg alone time is 151.751 ms
@CONFIG exp=l1 size_kb=56 mode=colocated
------------------------------------
Running two copy kernels colocated - Launch Config: (170, 64) - copying 56 KB per thread block
Colocated time is 493.86 ms
Colocated time is 493.929 ms
Colocated time is 493.914 ms
Colocated time is 493.837 ms
Colocated time is 493.9 ms
Colocated time is 493.849 ms
Colocated time is 493.975 ms
Colocated time is 493.928 ms
Colocated time is 493.901 ms
Colocated time is 493.944 ms
Avg colocated time is 493.908 ms
@CONFIG exp=l1 size_kb=64 mode=alone
------------------------------------
Running copy kernel alone - Launch Config: (170, 64) - copying 64 KB per thread block
Alone time is 578.972 ms
Alone time is 342.334 ms
Alone time is 559.296 ms
Alone time is 559.902 ms
Alone time is 559.912 ms
Alone time is 559.29 ms
Alone time is 558.29 ms
Alone time is 558.992 ms
Alone time is 257.648 ms
Alone time is 555.077 ms
Avg alone time is 559.141 ms
@CONFIG exp=l1 size_kb=64 mode=colocated
------------------------------------
Running two copy kernels colocated - Launch Config: (170, 64) - copying 64 KB per thread block
Colocated time is 566.788 ms
Colocated time is 566.815 ms
Colocated time is 566.737 ms
Colocated time is 566.937 ms
Colocated time is 566.786 ms
Colocated time is 566.802 ms
Colocated time is 566.724 ms
Colocated time is 566.799 ms
Colocated time is 566.754 ms
Colocated time is 566.78 ms
Avg colocated time is 566.787 ms
@CONFIG exp=l1 size_kb=80 mode=alone
------------------------------------
Running copy kernel alone - Launch Config: (170, 64) - copying 80 KB per thread block
Alone time is 721.078 ms
Alone time is 700.246 ms
Alone time is 694.278 ms
Alone time is 700.337 ms
Alone time is 700.277 ms
Alone time is 706.131 ms
Alone time is 705.819 ms
Alone time is 705.854 ms
Alone time is 705.847 ms
Alone time is 705.883 ms
Avg alone time is 705.833 ms
@CONFIG exp=l1 size_kb=80 mode=colocated
------------------------------------
Running two copy kernels colocated - Launch Config: (170, 64) - copying 80 KB per thread block
Colocated time is 707.634 ms
Colocated time is 707.638 ms
Colocated time is 707.609 ms
Colocated time is 707.817 ms
Colocated time is 707.669 ms
Colocated time is 707.679 ms
Colocated time is 707.627 ms
Colocated time is 707.663 ms
Colocated time is 707.694 ms
Colocated time is 707.67 ms
Avg colocated time is 707.666 ms
@CONFIG exp=l1 size_kb=96 mode=alone
------------------------------------
Running copy kernel alone - Launch Config: (170, 64) - copying 96 KB per thread block
Alone time is 865.21 ms
Alone time is 846.367 ms
Alone time is 846.38 ms
Alone time is 846.573 ms
Alone time is 846.394 ms
Alone time is 846.339 ms
Alone time is 846.431 ms
Alone time is 846.486 ms
Alone time is 846.471 ms
Alone time is 846.253 ms
Avg alone time is 846.412 ms
@CONFIG exp=l1 size_kb=96 mode=colocated
------------------------------------
Running two copy kernels colocated - Launch Config: (170, 64) - copying 96 KB per thread block
Colocated time is 848.867 ms
Colocated time is 848.677 ms
Colocated time is 848.677 ms
Colocated time is 848.727 ms
Colocated time is 848.696 ms
Colocated time is 848.669 ms
Colocated time is 848.675 ms
Colocated time is 848.648 ms
Colocated time is 848.793 ms
Colocated time is 848.604 ms
Avg colocated time is 848.677 ms
@CONFIG exp=l1 size_kb=128 mode=alone
------------------------------------
Running copy kernel alone - Launch Config: (170, 64) - copying 128 KB per thread block
Alone time is 1149.51 ms
Alone time is 1127.35 ms
Alone time is 1127.24 ms
Alone time is 1127.28 ms
Alone time is 1127.33 ms
Alone time is 1127.49 ms
Alone time is 1127.28 ms
Alone time is 1127.39 ms
Alone time is 1127.38 ms
Alone time is 1127.26 ms
Avg alone time is 1127.34 ms
@CONFIG exp=l1 size_kb=128 mode=colocated
------------------------------------
Running two copy kernels colocated - Launch Config: (170, 64) - copying 128 KB per thread block
Colocated time is 1131.21 ms
Colocated time is 1131.25 ms
Colocated time is 1131.22 ms
Colocated time is 1131.23 ms
Colocated time is 1131.25 ms
Colocated time is 1131.17 ms
Colocated time is 1131.73 ms
Colocated time is 1131.04 ms
Colocated time is 1131.13 ms
Colocated time is 1131.2 ms
Avg colocated time is 1131.22 ms
